#
# A fatal error has been detected by the Java Runtime Environment:
#
#  Internal Error (nmethod.cpp:1836), pid=4255, tid=3065662320
#  Error: guarantee(cont_offset != 0,"unhandled implicit exception in compiled code")
#
# JRE version: 6.0_20-b02
# Java VM: Java HotSpot(TM) Server VM (16.3-b01 mixed mode linux-x86 )
# If you would like to submit a bug report, please visit:
#   http://java.sun.com/webapps/bugreport/crash.jsp
#

---------------  T H R E A D  ---------------

Current thread (0x091aa400):  JavaThread "main" [_thread_in_Java, id=4257, stack(0xb6b54000,0xb6ba5000)]

Stack: [0xb6b54000,0xb6ba5000],  sp=0xb6ba2960,  free space=13ab6ba5000k
Native frames: (J=compiled Java code, j=interpreted, Vv=VM code, C=native code)
V  [libjvm.so+0x68c972]
V  [libjvm.so+0x2a4f9c]
V  [libjvm.so+0x545e9e]
V  [libjvm.so+0x5c6e17]
V  [libjvm.so+0x560b90]
V  [libjvm.so+0x55cb54]


---------------  P R O C E S S  ---------------

Java Threads: ( => current thread )
  0x84c1b800 JavaThread "qtp32261531-26" [_thread_blocked, id=4290, stack(0x83f0d000,0x83f5e000)]
  0x848e4c00 JavaThread "qtp32261531-25" [_thread_blocked, id=4289, stack(0x83f5e000,0x83faf000)]
  0x848e3400 JavaThread "qtp32261531-24" [_thread_blocked, id=4288, stack(0x83faf000,0x84000000)]
  0x84c7cc00 JavaThread "qtp32261531-23" [_thread_blocked, id=4287, stack(0x8410d000,0x8415e000)]
  0x8471c000 JavaThread "qtp32261531-22" [_thread_blocked, id=4286, stack(0x8415e000,0x841af000)]
  0x845c4000 JavaThread "qtp32261531-21" [_thread_blocked, id=4285, stack(0x84307000,0x84358000)]
  0x84c22c00 JavaThread "qtp32261531-20" [_thread_blocked, id=4284, stack(0x84358000,0x843a9000)]
  0x845ad800 JavaThread "qtp32261531-19" [_thread_blocked, id=4283, stack(0x843a9000,0x843fa000)]
  0x09517800 JavaThread "pool-1-thread-5" [_thread_blocked, id=4280, stack(0x841af000,0x84200000)]
  0x09433000 JavaThread "pool-1-thread-4" [_thread_blocked, id=4279, stack(0x8465e000,0x846af000)]
  0x0949ac00 JavaThread "pool-1-thread-3" [_thread_blocked, id=4278, stack(0x84a21000,0x84a72000)]
  0x0949a000 JavaThread "pool-1-thread-2" [_thread_blocked, id=4277, stack(0x84a72000,0x84ac3000)]
  0x09468c00 JavaThread "pool-1-thread-1" [_thread_blocked, id=4276, stack(0x846af000,0x84700000)]
  0x09278400 JavaThread "Low Memory Detector" daemon [_thread_blocked, id=4270, stack(0x84d28000,0x84d79000)]
  0x09276800 JavaThread "CompilerThread1" daemon [_thread_blocked, id=4269, stack(0x84b7f000,0x84c00000)]
  0x09274800 JavaThread "CompilerThread0" daemon [_thread_blocked, id=4268, stack(0x84d79000,0x84dfa000)]
  0x09269000 JavaThread "JDWP Event Helper Thread" daemon [_thread_blocked, id=4267, stack(0x84dfa000,0x84e4b000)]
  0x09266800 JavaThread "JDWP Transport Listener: dt_socket" daemon [_thread_in_native, id=4266, stack(0x84e4b000,0x84e9c000)]
  0x0925f000 JavaThread "Signal Dispatcher" daemon [_thread_blocked, id=4265, stack(0x84e9c000,0x84eed000)]
  0x0924f400 JavaThread "Finalizer" daemon [_thread_blocked, id=4264, stack(0x84eed000,0x84f3e000)]
  0x0924a800 JavaThread "Reference Handler" daemon [_thread_blocked, id=4263, stack(0x84f3e000,0x84f8f000)]
=>0x091aa400 JavaThread "main" [_thread_in_Java, id=4257, stack(0xb6b54000,0xb6ba5000)]

Other Threads:
  0x09247c00 VMThread [stack: 0x84f8f000,0x85010000] [id=4262]
  0x0927a400 WatcherThread [stack: 0x84afe000,0x84b7f000] [id=4271]

VM state:not at safepoint (normal execution)

VM Mutex/Monitor currently owned by a thread: None

Heap
 PSYoungGen      total 198400K, used 37673K [0xa57b0000, 0xb2f70000, 0xb3850000)
  eden space 178432K, 20% used [0xa57b0000,0xa7a95650,0xb05f0000)
  from space 19968K, 9% used [0xb1bf0000,0xb1dd4dd0,0xb2f70000)
  to   space 21248K, 0% used [0xb05f0000,0xb05f0000,0xb1ab0000)
 PSOldGen        total 116096K, used 66549K [0x89650000, 0x907b0000, 0xa57b0000)
  object space 116096K, 57% used [0x89650000,0x8d74d7c0,0x907b0000)
 PSPermGen       total 20224K, used 9307K [0x85650000, 0x86a10000, 0x89650000)
  object space 20224K, 46% used [0x85650000,0x85f66d00,0x86a10000)

Dynamic libraries:
08048000-08052000 r-xp 00000000 08:01 132657     /opt/jdk1.6.0_20/bin/java
08052000-08053000 rwxp 00009000 08:01 132657     /opt/jdk1.6.0_20/bin/java
091a0000-15ff5000 rwxp 00000000 00:00 0          [heap]
73800000-738e3000 rwxp 00000000 00:00 0 
738e3000-73900000 ---p 00000000 00:00 0 
73a00000-73af9000 rwxp 00000000 00:00 0 
73af9000-73b00000 ---p 00000000 00:00 0 
73b00000-73bf9000 rwxp 00000000 00:00 0 
73bf9000-73c00000 ---p 00000000 00:00 0 
73c00000-73cfa000 rwxp 00000000 00:00 0 
73cfa000-73d00000 ---p 00000000 00:00 0 
73d00000-73dfb000 rwxp 00000000 00:00 0 
73dfb000-73e00000 ---p 00000000 00:00 0 
73e00000-73efa000 rwxp 00000000 00:00 0 
73efa000-73f00000 ---p 00000000 00:00 0 
73f00000-73ff9000 rwxp 00000000 00:00 0 
73ff9000-74000000 ---p 00000000 00:00 0 
74000000-740fa000 rwxp 00000000 00:00 0 
740fa000-74100000 ---p 00000000 00:00 0 
74100000-741fa000 rwxp 00000000 00:00 0 
741fa000-74200000 ---p 00000000 00:00 0 
74200000-742fc000 rwxp 00000000 00:00 0 
742fc000-74300000 ---p 00000000 00:00 0 
74300000-743f9000 rwxp 00000000 00:00 0 
743f9000-74400000 ---p 00000000 00:00 0 
74400000-744fa000 rwxp 00000000 00:00 0 
744fa000-74500000 ---p 00000000 00:00 0 
74500000-745fb000 rwxp 00000000 00:00 0 
745fb000-74600000 ---p 00000000 00:00 0 
74600000-746fb000 rwxp 00000000 00:00 0 
746fb000-74700000 ---p 00000000 00:00 0 
74700000-747f9000 rwxp 00000000 00:00 0 
747f9000-74800000 ---p 00000000 00:00 0 
74800000-748fa000 rwxp 00000000 00:00 0 
748fa000-74900000 ---p 00000000 00:00 0 
74900000-749f9000 rwxp 00000000 00:00 0 
749f9000-74a00000 ---p 00000000 00:00 0 
74a00000-74afa000 rwxp 00000000 00:00 0 
74afa000-74b00000 ---p 00000000 00:00 0 
74b00000-74bfa000 rwxp 00000000 00:00 0 
74bfa000-74c00000 ---p 00000000 00:00 0 
74c00000-74cff000 rwxp 00000000 00:00 0 
74cff000-74d00000 ---p 00000000 00:00 0 
74d00000-74dff000 rwxp 00000000 00:00 0 
74dff000-74e00000 ---p 00000000 00:00 0 
74e00000-74efa000 rwxp 00000000 00:00 0 
74efa000-74f00000 ---p 00000000 00:00 0 
74f00000-74ffa000 rwxp 00000000 00:00 0 
74ffa000-75000000 ---p 00000000 00:00 0 
75000000-750fa000 rwxp 00000000 00:00 0 
750fa000-75100000 ---p 00000000 00:00 0 
75100000-751f9000 rwxp 00000000 00:00 0 
751f9000-75200000 ---p 00000000 00:00 0 
75200000-752fa000 rwxp 00000000 00:00 0 
752fa000-75300000 ---p 00000000 00:00 0 
75300000-753fa000 rwxp 00000000 00:00 0 
753fa000-75400000 ---p 00000000 00:00 0 
75400000-754f9000 rwxp 00000000 00:00 0 
754f9000-75500000 ---p 00000000 00:00 0 
75500000-755f9000 rwxp 00000000 00:00 0 
755f9000-75600000 ---p 00000000 00:00 0 
75600000-756f9000 rwxp 00000000 00:00 0 
756f9000-75700000 ---p 00000000 00:00 0 
75700000-757f9000 rwxp 00000000 00:00 0 
757f9000-75800000 ---p 00000000 00:00 0 
75800000-758f7000 rwxp 00000000 00:00 0 
758f7000-75900000 ---p 00000000 00:00 0 
75900000-7592c000 rwxp 00000000 00:00 0 
7592c000-75a00000 ---p 00000000 00:00 0 
75a00000-75af9000 rwxp 00000000 00:00 0 
75af9000-75b00000 ---p 00000000 00:00 0 
75b00000-75bfe000 rwxp 00000000 00:00 0 
75bfe000-75c00000 ---p 00000000 00:00 0 
75c00000-75cfa000 rwxp 00000000 00:00 0 
75cfa000-75d00000 ---p 00000000 00:00 0 
75d00000-75dfd000 rwxp 00000000 00:00 0 
75dfd000-75e00000 ---p 00000000 00:00 0 
75e00000-75efa000 rwxp 00000000 00:00 0 
75efa000-75f00000 ---p 00000000 00:00 0 
75f00000-75ffa000 rwxp 00000000 00:00 0 
75ffa000-76000000 ---p 00000000 00:00 0 
76000000-760fa000 rwxp 00000000 00:00 0 
760fa000-76100000 ---p 00000000 00:00 0 
76100000-761f9000 rwxp 00000000 00:00 0 
761f9000-76200000 ---p 00000000 00:00 0 
76200000-762fa000 rwxp 00000000 00:00 0 
762fa000-76300000 ---p 00000000 00:00 0 
76300000-763fa000 rwxp 00000000 00:00 0 
763fa000-76400000 ---p 00000000 00:00 0 
76400000-764fb000 rwxp 00000000 00:00 0 
764fb000-76500000 ---p 00000000 00:00 0 
76500000-765f9000 rwxp 00000000 00:00 0 
765f9000-76600000 ---p 00000000 00:00 0 
76600000-766f9000 rwxp 00000000 00:00 0 
766f9000-76700000 ---p 00000000 00:00 0 
76700000-767f9000 rwxp 00000000 00:00 0 
767f9000-76800000 ---p 00000000 00:00 0 
76800000-768fa000 rwxp 00000000 00:00 0 
768fa000-76900000 ---p 00000000 00:00 0 
76900000-769fb000 rwxp 00000000 00:00 0 
769fb000-76a00000 ---p 00000000 00:00 0 
76a00000-76afb000 rwxp 00000000 00:00 0 
76afb000-76b00000 ---p 00000000 00:00 0 
76b00000-76bf9000 rwxp 00000000 00:00 0 
76bf9000-76c00000 ---p 00000000 00:00 0 
76c00000-76cfa000 rwxp 00000000 00:00 0 
76cfa000-76d00000 ---p 00000000 00:00 0 
76d00000-76dfa000 rwxp 00000000 00:00 0 
76dfa000-76e00000 ---p 00000000 00:00 0 
76e00000-76efa000 rwxp 00000000 00:00 0 
76efa000-76f00000 ---p 00000000 00:00 0 
76f00000-76ffa000 rwxp 00000000 00:00 0 
76ffa000-77000000 ---p 00000000 00:00 0 
77000000-770fa000 rwxp 00000000 00:00 0 
770fa000-77100000 ---p 00000000 00:00 0 
77100000-771fa000 rwxp 00000000 00:00 0 
771fa000-77200000 ---p 00000000 00:00 0 
77200000-772fa000 rwxp 00000000 00:00 0 
772fa000-77300000 ---p 00000000 00:00 0 
77300000-773f9000 rwxp 00000000 00:00 0 
773f9000-77400000 ---p 00000000 00:00 0 
77400000-774f9000 rwxp 00000000 00:00 0 
774f9000-77500000 ---p 00000000 00:00 0 
77500000-775f9000 rwxp 00000000 00:00 0 
775f9000-77600000 ---p 00000000 00:00 0 
77600000-776ff000 rwxp 00000000 00:00 0 
776ff000-77700000 ---p 00000000 00:00 0 
77800000-778f9000 rwxp 00000000 00:00 0 
778f9000-77900000 ---p 00000000 00:00 0 
77900000-779f9000 rwxp 00000000 00:00 0 
779f9000-77a00000 ---p 00000000 00:00 0 
77a00000-77af9000 rwxp 00000000 00:00 0 
77af9000-77b00000 ---p 00000000 00:00 0 
77b00000-77bf9000 rwxp 00000000 00:00 0 
77bf9000-77c00000 ---p 00000000 00:00 0 
77c00000-77cf9000 rwxp 00000000 00:00 0 
77cf9000-77d00000 ---p 00000000 00:00 0 
77d00000-77df9000 rwxp 00000000 00:00 0 
77df9000-77e00000 ---p 00000000 00:00 0 
77e00000-77ef9000 rwxp 00000000 00:00 0 
77ef9000-77f00000 ---p 00000000 00:00 0 
77f00000-77ff9000 rwxp 00000000 00:00 0 
77ff9000-78000000 ---p 00000000 00:00 0 
78000000-780fa000 rwxp 00000000 00:00 0 
780fa000-78100000 ---p 00000000 00:00 0 
78100000-781f9000 rwxp 00000000 00:00 0 
781f9000-78200000 ---p 00000000 00:00 0 
78200000-782f9000 rwxp 00000000 00:00 0 
782f9000-78300000 ---p 00000000 00:00 0 
78300000-783f9000 rwxp 00000000 00:00 0 
783f9000-78400000 ---p 00000000 00:00 0 
78400000-784f9000 rwxp 00000000 00:00 0 
784f9000-78500000 ---p 00000000 00:00 0 
78500000-785f9000 rwxp 00000000 00:00 0 
785f9000-78600000 ---p 00000000 00:00 0 
78600000-786f9000 rwxp 00000000 00:00 0 
786f9000-78700000 ---p 00000000 00:00 0 
78700000-787f9000 rwxp 00000000 00:00 0 
787f9000-78800000 ---p 00000000 00:00 0 
78800000-788f9000 rwxp 00000000 00:00 0 
788f9000-78900000 ---p 00000000 00:00 0 
78900000-789f9000 rwxp 00000000 00:00 0 
789f9000-78a00000 ---p 00000000 00:00 0 
78a00000-78af9000 rwxp 00000000 00:00 0 
78af9000-78b00000 ---p 00000000 00:00 0 
78b00000-78bf9000 rwxp 00000000 00:00 0 
78bf9000-78c00000 ---p 00000000 00:00 0 
78c00000-78cfa000 rwxp 00000000 00:00 0 
78cfa000-78d00000 ---p 00000000 00:00 0 
78d00000-78dfa000 rwxp 00000000 00:00 0 
78dfa000-78e00000 ---p 00000000 00:00 0 
78e00000-78ef9000 rwxp 00000000 00:00 0 
78ef9000-78f00000 ---p 00000000 00:00 0 
78f00000-78ffa000 rwxp 00000000 00:00 0 
78ffa000-79000000 ---p 00000000 00:00 0 
79000000-790fa000 rwxp 00000000 00:00 0 
790fa000-79100000 ---p 00000000 00:00 0 
79100000-791fa000 rwxp 00000000 00:00 0 
791fa000-79200000 ---p 00000000 00:00 0 
79200000-792f9000 rwxp 00000000 00:00 0 
792f9000-79300000 ---p 00000000 00:00 0 
79300000-793fa000 rwxp 00000000 00:00 0 
793fa000-79400000 ---p 00000000 00:00 0 
79400000-794fa000 rwxp 00000000 00:00 0 
794fa000-79500000 ---p 00000000 00:00 0 
79500000-795fa000 rwxp 00000000 00:00 0 
795fa000-79600000 ---p 00000000 00:00 0 
79600000-796fa000 rwxp 00000000 00:00 0 
796fa000-79700000 ---p 00000000 00:00 0 
79700000-797fa000 rwxp 00000000 00:00 0 
797fa000-79800000 ---p 00000000 00:00 0 
79800000-798fc000 rwxp 00000000 00:00 0 
798fc000-79900000 ---p 00000000 00:00 0 
79900000-799f9000 rwxp 00000000 00:00 0 
799f9000-79a00000 ---p 00000000 00:00 0 
79a00000-79aff000 rwxp 00000000 00:00 0 
79aff000-79b00000 ---p 00000000 00:00 0 
79b00000-79bfe000 rwxp 00000000 00:00 0 
79bfe000-79c00000 ---p 00000000 00:00 0 
79c00000-79cf9000 rwxp 00000000 00:00 0 
79cf9000-79d00000 ---p 00000000 00:00 0 
79d00000-79dfa000 rwxp 00000000 00:00 0 
79dfa000-79e00000 ---p 00000000 00:00 0 
79e00000-79efa000 rwxp 00000000 00:00 0 
79efa000-79f00000 ---p 00000000 00:00 0 
79f00000-79ffa000 rwxp 00000000 00:00 0 
79ffa000-7a000000 ---p 00000000 00:00 0 
7a000000-7a0f9000 rwxp 00000000 00:00 0 
7a0f9000-7a100000 ---p 00000000 00:00 0 
7a100000-7a1f9000 rwxp 00000000 00:00 0 
7a1f9000-7a200000 ---p 00000000 00:00 0 
7a200000-7a2fc000 rwxp 00000000 00:00 0 
7a2fc000-7a300000 ---p 00000000 00:00 0 
7a300000-7a3f9000 rwxp 00000000 00:00 0 
7a3f9000-7a400000 ---p 00000000 00:00 0 
7a400000-7a4f9000 rwxp 00000000 00:00 0 
7a4f9000-7a500000 ---p 00000000 00:00 0 
7a500000-7a5fa000 rwxp 00000000 00:00 0 
7a5fa000-7a600000 ---p 00000000 00:00 0 
7a600000-7a6fa000 rwxp 00000000 00:00 0 
7a6fa000-7a700000 ---p 00000000 00:00 0 
7a700000-7a7fa000 rwxp 00000000 00:00 0 
7a7fa000-7a800000 ---p 00000000 00:00 0 
7a800000-7a8f9000 rwxp 00000000 00:00 0 
7a8f9000-7a900000 ---p 00000000 00:00 0 
7a900000-7a9fa000 rwxp 00000000 00:00 0 
7a9fa000-7aa00000 ---p 00000000 00:00 0 
7aa00000-7aafa000 rwxp 00000000 00:00 0 
7aafa000-7ab00000 ---p 00000000 00:00 0 
7ab00000-7abfa000 rwxp 00000000 00:00 0 
7abfa000-7ac00000 ---p 00000000 00:00 0 
7ac00000-7acfc000 rwxp 00000000 00:00 0 
7acfc000-7ad00000 ---p 00000000 00:00 0 
7ad00000-7adfa000 rwxp 00000000 00:00 0 
7adfa000-7ae00000 ---p 00000000 00:00 0 
7ae00000-7aef7000 rwxp 00000000 00:00 0 
7aef7000-7af00000 ---p 00000000 00:00 0 
7af00000-7afef000 rwxp 00000000 00:00 0 
7afef000-7b000000 ---p 00000000 00:00 0 
7b000000-7b0fa000 rwxp 00000000 00:00 0 
7b0fa000-7b100000 ---p 00000000 00:00 0 
7b100000-7b1fa000 rwxp 00000000 00:00 0 
7b1fa000-7b200000 ---p 00000000 00:00 0 
7b200000-7b2fa000 rwxp 00000000 00:00 0 
7b2fa000-7b300000 ---p 00000000 00:00 0 
7b300000-7b3f9000 rwxp 00000000 00:00 0 
7b3f9000-7b400000 ---p 00000000 00:00 0 
7b400000-7b4fa000 rwxp 00000000 00:00 0 
7b4fa000-7b500000 ---p 00000000 00:00 0 
7b500000-7b5fa000 rwxp 00000000 00:00 0 
7b5fa000-7b600000 ---p 00000000 00:00 0 
7b600000-7b6fa000 rwxp 00000000 00:00 0 
7b6fa000-7b700000 ---p 00000000 00:00 0 
7b700000-7b7f9000 rwxp 00000000 00:00 0 
7b7f9000-7b800000 ---p 00000000 00:00 0 
7b800000-7b8fa000 rwxp 00000000 00:00 0 
7b8fa000-7b900000 ---p 00000000 00:00 0 
7b900000-7b9fa000 rwxp 00000000 00:00 0 
7b9fa000-7ba00000 ---p 00000000 00:00 0 
7ba00000-7bafd000 rwxp 00000000 00:00 0 
7bafd000-7bb00000 ---p 00000000 00:00 0 
7bb00000-7bbf9000 rwxp 00000000 00:00 0 
7bbf9000-7bc00000 ---p 00000000 00:00 0 
7bc00000-7bcfa000 rwxp 00000000 00:00 0 
7bcfa000-7bd00000 ---p 00000000 00:00 0 
7bd00000-7bdfa000 rwxp 00000000 00:00 0 
7bdfa000-7be00000 ---p 00000000 00:00 0 
7be00000-7befe000 rwxp 00000000 00:00 0 
7befe000-7bf00000 ---p 00000000 00:00 0 
7bf00000-7bffc000 rwxp 00000000 00:00 0 
7bffc000-7c000000 ---p 00000000 00:00 0 
7c000000-7c0fa000 rwxp 00000000 00:00 0 
7c0fa000-7c100000 ---p 00000000 00:00 0 
7c100000-7c1fe000 rwxp 00000000 00:00 0 
7c1fe000-7c200000 ---p 00000000 00:00 0 
7c200000-7c2fd000 rwxp 00000000 00:00 0 
7c2fd000-7c300000 ---p 00000000 00:00 0 
7c300000-7c3f9000 rwxp 00000000 00:00 0 
7c3f9000-7c400000 ---p 00000000 00:00 0 
7c400000-7c4fb000 rwxp 00000000 00:00 0 
7c4fb000-7c500000 ---p 00000000 00:00 0 
7c500000-7c5f7000 rwxp 00000000 00:00 0 
7c5f7000-7c600000 ---p 00000000 00:00 0 
7c600000-7c6f9000 rwxp 00000000 00:00 0 
7c6f9000-7c700000 ---p 00000000 00:00 0 
7c700000-7c7fa000 rwxp 00000000 00:00 0 
7c7fa000-7c800000 ---p 00000000 00:00 0 
7c800000-7c8fa000 rwxp 00000000 00:00 0 
7c8fa000-7c900000 ---p 00000000 00:00 0 
7c900000-7c9fa000 rwxp 00000000 00:00 0 
7c9fa000-7ca00000 ---p 00000000 00:00 0 
7ca00000-7caf9000 rwxp 00000000 00:00 0 
7caf9000-7cb00000 ---p 00000000 00:00 0 
7cb00000-7cbfa000 rwxp 00000000 00:00 0 
7cbfa000-7cc00000 ---p 00000000 00:00 0 
7cc00000-7ccfa000 rwxp 00000000 00:00 0 
7ccfa000-7cd00000 ---p 00000000 00:00 0 
7cd00000-7cdfa000 rwxp 00000000 00:00 0 
7cdfa000-7ce00000 ---p 00000000 00:00 0 
7ce00000-7cefa000 rwxp 00000000 00:00 0 
7cefa000-7cf00000 ---p 00000000 00:00 0 
7cf00000-7cff9000 rwxp 00000000 00:00 0 
7cff9000-7d000000 ---p 00000000 00:00 0 
7d000000-7d0fa000 rwxp 00000000 00:00 0 
7d0fa000-7d100000 ---p 00000000 00:00 0 
7d100000-7d1fa000 rwxp 00000000 00:00 0 
7d1fa000-7d200000 ---p 00000000 00:00 0 
7d200000-7d2f9000 rwxp 00000000 00:00 0 
7d2f9000-7d300000 ---p 00000000 00:00 0 
7d300000-7d3fa000 rwxp 00000000 00:00 0 
7d3fa000-7d400000 ---p 00000000 00:00 0 
7d400000-7d4f9000 rwxp 00000000 00:00 0 
7d4f9000-7d500000 ---p 00000000 00:00 0 
7d500000-7d5f9000 rwxp 00000000 00:00 0 
7d5f9000-7d600000 ---p 00000000 00:00 0 
7d600000-7d6f9000 rwxp 00000000 00:00 0 
7d6f9000-7d700000 ---p 00000000 00:00 0 
7d700000-7d7f9000 rwxp 00000000 00:00 0 
7d7f9000-7d800000 ---p 00000000 00:00 0 
7d800000-7d8f9000 rwxp 00000000 00:00 0 
7d8f9000-7d900000 ---p 00000000 00:00 0 
7d900000-7d9f9000 rwxp 00000000 00:00 0 
7d9f9000-7da00000 ---p 00000000 00:00 0 
7da00000-7daf9000 rwxp 00000000 00:00 0 
7daf9000-7db00000 ---p 00000000 00:00 0 
7db00000-7dbf9000 rwxp 00000000 00:00 0 
7dbf9000-7dc00000 ---p 00000000 00:00 0 
7dc00000-7dcf9000 rwxp 00000000 00:00 0 
7dcf9000-7dd00000 ---p 00000000 00:00 0 
7dd00000-7ddf9000 rwxp 00000000 00:00 0 
7ddf9000-7de00000 ---p 00000000 00:00 0 
7de00000-7def9000 rwxp 00000000 00:00 0 
7def9000-7df00000 ---p 00000000 00:00 0 
7df00000-7dff9000 rwxp 00000000 00:00 0 
7dff9000-7e000000 ---p 00000000 00:00 0 
7e000000-7e0f9000 rwxp 00000000 00:00 0 
7e0f9000-7e100000 ---p 00000000 00:00 0 
7e100000-7e1f9000 rwxp 00000000 00:00 0 
7e1f9000-7e200000 ---p 00000000 00:00 0 
7e200000-7e2f9000 rwxp 00000000 00:00 0 
7e2f9000-7e300000 ---p 00000000 00:00 0 
7e300000-7e3f9000 rwxp 00000000 00:00 0 
7e3f9000-7e400000 ---p 00000000 00:00 0 
7e400000-7e4f9000 rwxp 00000000 00:00 0 
7e4f9000-7e500000 ---p 00000000 00:00 0 
7e500000-7e5f9000 rwxp 00000000 00:00 0 
7e5f9000-7e600000 ---p 00000000 00:00 0 
7e600000-7e6f9000 rwxp 00000000 00:00 0 
7e6f9000-7e700000 ---p 00000000 00:00 0 
7e700000-7e7f9000 rwxp 00000000 00:00 0 
7e7f9000-7e800000 ---p 00000000 00:00 0 
7e800000-7e8f9000 rwxp 00000000 00:00 0 
7e8f9000-7e900000 ---p 00000000 00:00 0 
7e900000-7e9f9000 rwxp 00000000 00:00 0 
7e9f9000-7ea00000 ---p 00000000 00:00 0 
7ea00000-7eaf9000 rwxp 00000000 00:00 0 
7eaf9000-7eb00000 ---p 00000000 00:00 0 
7eb00000-7ebf9000 rwxp 00000000 00:00 0 
7ebf9000-7ec00000 ---p 00000000 00:00 0 
7ec00000-7ecf9000 rwxp 00000000 00:00 0 
7ecf9000-7ed00000 ---p 00000000 00:00 0 
7ed00000-7edf9000 rwxp 00000000 00:00 0 
7edf9000-7ee00000 ---p 00000000 00:00 0 
7ee00000-7eef9000 rwxp 00000000 00:00 0 
7eef9000-7ef00000 ---p 00000000 00:00 0 
7ef00000-7eff9000 rwxp 00000000 00:00 0 
7eff9000-7f000000 ---p 00000000 00:00 0 
7f000000-7f0f9000 rwxp 00000000 00:00 0 
7f0f9000-7f100000 ---p 00000000 00:00 0 
7f100000-7f1f9000 rwxp 00000000 00:00 0 
7f1f9000-7f200000 ---p 00000000 00:00 0 
7f200000-7f2f9000 rwxp 00000000 00:00 0 
7f2f9000-7f300000 ---p 00000000 00:00 0 
7f300000-7f3f9000 rwxp 00000000 00:00 0 
7f3f9000-7f400000 ---p 00000000 00:00 0 
7f400000-7f4f9000 rwxp 00000000 00:00 0 
7f4f9000-7f500000 ---p 00000000 00:00 0 
7f500000-7f5f9000 rwxp 00000000 00:00 0 
7f5f9000-7f600000 ---p 00000000 00:00 0 
7f600000-7f6f9000 rwxp 00000000 00:00 0 
7f6f9000-7f700000 ---p 00000000 00:00 0 
7f700000-7f7f9000 rwxp 00000000 00:00 0 
7f7f9000-7f800000 ---p 00000000 00:00 0 
7f800000-7f8f9000 rwxp 00000000 00:00 0 
7f8f9000-7f900000 ---p 00000000 00:00 0 
7f900000-7f9f9000 rwxp 00000000 00:00 0 
7f9f9000-7fa00000 ---p 00000000 00:00 0 
7fa00000-7faf9000 rwxp 00000000 00:00 0 
7faf9000-7fb00000 ---p 00000000 00:00 0 
7fb00000-7fbf9000 rwxp 00000000 00:00 0 
7fbf9000-7fc00000 ---p 00000000 00:00 0 
7fc00000-7fcf9000 rwxp 00000000 00:00 0 
7fcf9000-7fd00000 ---p 00000000 00:00 0 
7fd00000-7fdf9000 rwxp 00000000 00:00 0 
7fdf9000-7fe00000 ---p 00000000 00:00 0 
7fe00000-7fef9000 rwxp 00000000 00:00 0 
7fef9000-7ff00000 ---p 00000000 00:00 0 
7ff00000-7fff9000 rwxp 00000000 00:00 0 
7fff9000-80000000 ---p 00000000 00:00 0 
80000000-800f9000 rwxp 00000000 00:00 0 
800f9000-80100000 ---p 00000000 00:00 0 
80100000-801f9000 rwxp 00000000 00:00 0 
801f9000-80200000 ---p 00000000 00:00 0 
80200000-802f9000 rwxp 00000000 00:00 0 
802f9000-80300000 ---p 00000000 00:00 0 
80300000-803f9000 rwxp 00000000 00:00 0 
803f9000-80400000 ---p 00000000 00:00 0 
80400000-804f9000 rwxp 00000000 00:00 0 
804f9000-80500000 ---p 00000000 00:00 0 
80500000-805f9000 rwxp 00000000 00:00 0 
805f9000-80600000 ---p 00000000 00:00 0 
80600000-806fe000 rwxp 00000000 00:00 0 
806fe000-80700000 ---p 00000000 00:00 0 
80700000-807fc000 rwxp 00000000 00:00 0 
807fc000-80800000 ---p 00000000 00:00 0 
80800000-808f9000 rwxp 00000000 00:00 0 
808f9000-80900000 ---p 00000000 00:00 0 
80900000-809fc000 rwxp 00000000 00:00 0 
809fc000-80a00000 ---p 00000000 00:00 0 
80a00000-80af9000 rwxp 00000000 00:00 0 
80af9000-80b00000 ---p 00000000 00:00 0 
80b00000-80bf9000 rwxp 00000000 00:00 0 
80bf9000-80c00000 ---p 00000000 00:00 0 
80c00000-80cf9000 rwxp 00000000 00:00 0 
80cf9000-80d00000 ---p 00000000 00:00 0 
80d00000-80df9000 rwxp 00000000 00:00 0 
80df9000-80e00000 ---p 00000000 00:00 0 
80e00000-80ef9000 rwxp 00000000 00:00 0 
80ef9000-80f00000 ---p 00000000 00:00 0 
80f00000-80ff9000 rwxp 00000000 00:00 0 
80ff9000-81000000 ---p 00000000 00:00 0 
81000000-810f9000 rwxp 00000000 00:00 0 
810f9000-81100000 ---p 00000000 00:00 0 
81100000-811f9000 rwxp 00000000 00:00 0 
811f9000-81200000 ---p 00000000 00:00 0 
81200000-812f9000 rwxp 00000000 00:00 0 
812f9000-81300000 ---p 00000000 00:00 0 
81300000-813f9000 rwxp 00000000 00:00 0 
813f9000-81400000 ---p 00000000 00:00 0 
81400000-814f9000 rwxp 00000000 00:00 0 
814f9000-81500000 ---p 00000000 00:00 0 
81500000-815f9000 rwxp 00000000 00:00 0 
815f9000-81600000 ---p 00000000 00:00 0 
81600000-816f9000 rwxp 00000000 00:00 0 
816f9000-81700000 ---p 00000000 00:00 0 
81700000-817f9000 rwxp 00000000 00:00 0 
817f9000-81800000 ---p 00000000 00:00 0 
81800000-818f9000 rwxp 00000000 00:00 0 
818f9000-81900000 ---p 00000000 00:00 0 
81900000-819f9000 rwxp 00000000 00:00 0 
819f9000-81a00000 ---p 00000000 00:00 0 
81a00000-81afe000 rwxp 00000000 00:00 0 
81afe000-81b00000 ---p 00000000 00:00 0 
81b00000-81bfe000 rwxp 00000000 00:00 0 
81bfe000-81c00000 ---p 00000000 00:00 0 
81c00000-81df9000 rwxp 00000000 00:00 0 
81df9000-81e00000 ---p 00000000 00:00 0 
81e00000-81efa000 rwxp 00000000 00:00 0 
81efa000-81f00000 ---p 00000000 00:00 0 
81f00000-81ffa000 rwxp 00000000 00:00 0 
81ffa000-82000000 ---p 00000000 00:00 0 
82000000-820f9000 rwxp 00000000 00:00 0 
820f9000-82100000 ---p 00000000 00:00 0 
82100000-821fa000 rwxp 00000000 00:00 0 
821fa000-82200000 ---p 00000000 00:00 0 
82200000-822fc000 rwxp 00000000 00:00 0 
822fc000-82300000 ---p 00000000 00:00 0 
82300000-823f9000 rwxp 00000000 00:00 0 
823f9000-82400000 ---p 00000000 00:00 0 
82400000-824fd000 rwxp 00000000 00:00 0 
824fd000-82500000 ---p 00000000 00:00 0 
82500000-82600000 rwxp 00000000 00:00 0 
82600000-826f9000 rwxp 00000000 00:00 0 
826f9000-82700000 ---p 00000000 00:00 0 
82700000-827fa000 rwxp 00000000 00:00 0 
827fa000-82800000 ---p 00000000 00:00 0 
8282a000-82900000 r-xs 00a1a000 08:01 393672     /home/atiqul/.m2/repository/org/jruby/jruby-complete/1.5.1/jruby-complete-1.5.1.jar
82900000-829f9000 rwxp 00000000 00:00 0 
829f9000-82a00000 ---p 00000000 00:00 0 
82a00000-82af9000 rwxp 00000000 00:00 0 
82af9000-82b00000 ---p 00000000 00:00 0 
82b00000-82bf9000 rwxp 00000000 00:00 0 
82bf9000-82c00000 ---p 00000000 00:00 0 
82c00000-82cf9000 rwxp 00000000 00:00 0 
82cf9000-82d00000 ---p 00000000 00:00 0 
82d00000-82df9000 rwxp 00000000 00:00 0 
82df9000-82e00000 ---p 00000000 00:00 0 
82e00000-82efd000 rwxp 00000000 00:00 0 
82efd000-82f00000 ---p 00000000 00:00 0 
82f00000-82ff9000 rwxp 00000000 00:00 0 
82ff9000-83000000 ---p 00000000 00:00 0 
83000000-830f9000 rwxp 00000000 00:00 0 
830f9000-83100000 ---p 00000000 00:00 0 
83100000-831f9000 rwxp 00000000 00:00 0 
831f9000-83200000 ---p 00000000 00:00 0 
83200000-832f9000 rwxp 00000000 00:00 0 
832f9000-83300000 ---p 00000000 00:00 0 
83300000-833f9000 rwxp 00000000 00:00 0 
833f9000-83400000 ---p 00000000 00:00 0 
83400000-834ff000 rwxp 00000000 00:00 0 
834ff000-83500000 ---p 00000000 00:00 0 
83500000-835fc000 rwxp 00000000 00:00 0 
835fc000-83600000 ---p 00000000 00:00 0 
83600000-836f6000 rwxp 00000000 00:00 0 
836f6000-83700000 ---p 00000000 00:00 0 
83700000-837f9000 rwxp 00000000 00:00 0 
837f9000-83800000 ---p 00000000 00:00 0 
83800000-83900000 rwxp 00000000 00:00 0 
839c2000-839d0000 r-xs 00095000 08:01 4067936    /home/atiqul/.m2/repository/com/google/inject/guice/2.0/guice-2.0.jar
839e2000-839e4000 r-xs 00010000 08:01 3933812    /home/atiqul/.m2/repository/org/eclipse/jetty/jetty-plus/7.1.5.v20100705/jetty-plus-7.1.5.v20100705.jar
839e4000-839e7000 r-xs 0001f000 08:01 3801237    /home/atiqul/.m2/repository/jtidy/jtidy/4aug2000r7-dev/jtidy-4aug2000r7-dev.jar
839e7000-839e9000 r-xs 0000c000 08:01 3933766    /home/atiqul/.m2/repository/org/apache/maven/plugin-tools/maven-plugin-tools-api/2.5.1/maven-plugin-tools-api-2.5.1.jar
839e9000-839eb000 r-xs 00011000 08:01 3933809    /home/atiqul/.m2/repository/org/eclipse/jetty/jetty-io/7.1.5.v20100705/jetty-io-7.1.5.v20100705.jar
839eb000-839ed000 r-xs 00017000 08:01 3933806    /home/atiqul/.m2/repository/org/eclipse/jetty/jetty-http/7.1.5.v20100705/jetty-http-7.1.5.v20100705.jar
839ed000-839ee000 r-xs 00004000 08:01 3933803    /home/atiqul/.m2/repository/org/eclipse/jetty/jetty-continuation/7.1.5.v20100705/jetty-continuation-7.1.5.v20100705.jar
839ee000-839f0000 r-xs 00018000 08:01 3803720    /home/atiqul/.m2/repository/javax/servlet/servlet-api/2.5/servlet-api-2.5.jar
839f0000-839f5000 r-xs 0003d000 08:01 3933800    /home/atiqul/.m2/repository/org/eclipse/jetty/jetty-server/7.1.5.v20100705/jetty-server-7.1.5.v20100705.jar
839f5000-839f8000 r-xs 0000e000 08:01 3933797    /home/atiqul/.m2/repository/org/eclipse/jetty/jetty-security/7.1.5.v20100705/jetty-security-7.1.5.v20100705.jar
839f8000-839f9000 r-xs 0000f000 08:01 3933794    /home/atiqul/.m2/repository/org/eclipse/jetty/jetty-servlet/7.1.5.v20100705/jetty-servlet-7.1.5.v20100705.jar
839f9000-839fd000 r-xs 0002b000 08:01 3933791    /home/atiqul/.m2/repository/org/eclipse/jetty/jetty-util/7.1.5.v20100705/jetty-util-7.1.5.v20100705.jar
839fd000-839fe000 r-xs 00006000 08:01 3933775    /home/atiqul/.m2/repository/org/eclipse/jetty/jetty-xml/7.1.5.v20100705/jetty-xml-7.1.5.v20100705.jar
839fe000-83a00000 r-xs 0000e000 08:01 3933756    /home/atiqul/.m2/repository/org/eclipse/jetty/jetty-webapp/7.1.5.v20100705/jetty-webapp-7.1.5.v20100705.jar
83a00000-83afb000 rwxp 00000000 00:00 0 
83afb000-83b00000 ---p 00000000 00:00 0 
83b00000-83bfb000 rwxp 00000000 00:00 0 
83bfb000-83c00000 ---p 00000000 00:00 0 
83c00000-83cfb000 rwxp 00000000 00:00 0 
83cfb000-83d00000 ---p 00000000 00:00 0 
83dc3000-83e00000 r-xs 00294000 08:01 3804126    /home/atiqul/.m2/repository/org/springframework/spring/2.5.6/spring-2.5.6.jar
83e00000-83ef9000 rwxp 00000000 00:00 0 
83ef9000-83f00000 ---p 00000000 00:00 0 
83f03000-83f0d000 r-xs 0006d000 08:01 3802403    /home/atiqul/.m2/repository/org/codehaus/jackson/jackson-mapper-asl/1.5.3/jackson-mapper-asl-1.5.3.jar
83f0d000-83f10000 ---p 00000000 00:00 0 
83f10000-83f5e000 rwxp 00000000 00:00 0 
83f5e000-83f61000 ---p 00000000 00:00 0 
83f61000-83faf000 rwxp 00000000 00:00 0 
83faf000-83fb2000 ---p 00000000 00:00 0 
83fb2000-84000000 rwxp 00000000 00:00 0 
84000000-840ed000 rwxp 00000000 00:00 0 
840ed000-84100000 ---p 00000000 00:00 0 
84105000-84108000 r-xs 00027000 08:01 3802402    /home/atiqul/.m2/repository/org/codehaus/jackson/jackson-core-asl/1.5.3/jackson-core-asl-1.5.3.jar
84108000-8410d000 r-xs 00040000 08:01 3803729    /home/atiqul/.m2/repository/commons-lang/commons-lang/2.5/commons-lang-2.5.jar
8410d000-84110000 ---p 00000000 00:00 0 
84110000-8415e000 rwxp 00000000 00:00 0 
8415e000-84161000 ---p 00000000 00:00 0 
84161000-841af000 rwxp 00000000 00:00 0 
841af000-841b2000 ---p 00000000 00:00 0 
841b2000-84200000 rwxp 00000000 00:00 0 
84200000-842eb000 rwxp 00000000 00:00 0 
842eb000-84300000 ---p 00000000 00:00 0 
84301000-84302000 r-xs 00001000 08:01 4063785    /home/atiqul/.m2/repository/com/smartitengineering/smart-pos/smart-pos-admin-impl/1.0-SNAPSHOT/smart-pos-admin-impl-1.0-SNAPSHOT.jar
84302000-84304000 r-xs 00003000 08:01 3932551    /home/atiqul/.m2/repository/org/codehaus/jackson/jackson-jaxrs/1.5.3/jackson-jaxrs-1.5.3.jar
84304000-84306000 r-xs 00001000 08:01 3803745    /home/atiqul/.m2/repository/com/smartitengineering/smart-domain/0.4-SNAPSHOT/smart-domain-0.4-SNAPSHOT.jar
84306000-84307000 r-xs 00001000 08:01 4063658    /home/atiqul/.m2/repository/com/smartitengineering/smart-pos/smart-pos-admin-api/1.0-SNAPSHOT/smart-pos-admin-api-1.0-SNAPSHOT.jar
84307000-8430a000 ---p 00000000 00:00 0 
8430a000-84358000 rwxp 00000000 00:00 0 
84358000-8435b000 ---p 00000000 00:00 0 
8435b000-843a9000 rwxp 00000000 00:00 0 
843a9000-843ac000 ---p 00000000 00:00 0 
843ac000-843fa000 rwxp 00000000 00:00 0 
843fa000-843fc000 r-xs 0000c000 08:01 3803789    /home/atiqul/.m2/repository/org/mortbay/jetty/jetty-maven-plugin/7.1.5.v20100705/jetty-maven-plugin-7.1.5.v20100705.jar
843fc000-843fe000 r-xs 00011000 08:01 3803498    /home/atiqul/.m2/repository/org/apache/maven/plugins/maven-war-plugin/2.1-beta-1/maven-war-plugin-2.1-beta-1.jar
843fe000-84400000 r-xs 00007000 08:01 3803443    /home/atiqul/.m2/repository/org/apache/maven/plugins/maven-surefire-plugin/2.5/maven-surefire-plugin-2.5.jar
84400000-844fd000 rwxp 00000000 00:00 0 
844fd000-84500000 ---p 00000000 00:00 0 
84500000-84600000 rwxp 00000000 00:00 0 
84600000-8460f000 r-xs 0008a000 08:01 3804116    /home/atiqul/.m2/repository/com/sun/jersey/jersey-server/1.3/jersey-server-1.3.jar
8460f000-84618000 r-xs 00058000 08:01 3803591    /home/atiqul/.m2/repository/taglibs/standard/1.1.2/standard-1.1.2.jar
84618000-84622000 r-xs 0005c000 08:01 3932473    /home/atiqul/.m2/repository/javax/servlet/jstl/1.2/jstl-1.2.jar
84622000-84633000 r-xs 000ea000 08:01 393716     /home/atiqul/.m2/repository/org/mortbay/jetty/jsp-2.1/6.1.14/jsp-2.1-6.1.14.jar
84633000-84635000 r-xs 00004000 08:01 3933830    /home/atiqul/.m2/repository/org/eclipse/jetty/jetty-websocket/7.1.5.v20100705/jetty-websocket-7.1.5.v20100705.jar
84635000-84637000 r-xs 00009000 08:01 3933827    /home/atiqul/.m2/repository/org/eclipse/jetty/jetty-start/7.1.5.v20100705/jetty-start-7.1.5.v20100705.jar
84637000-84638000 r-xs 0000a000 08:01 3804121    /home/atiqul/.m2/repository/asm/asm/3.1/asm-3.1.jar
84638000-8463a000 r-xs 00004000 08:01 3933786    /home/atiqul/.m2/repository/asm/asm-tree/3.1/asm-tree-3.1.jar
8463a000-8463b000 r-xs 00007000 08:01 3933768    /home/atiqul/.m2/repository/asm/asm-commons/3.1/asm-commons-3.1.jar
8463b000-8463d000 r-xs 00002000 08:01 3933776    /home/atiqul/.m2/repository/org/apache/geronimo/specs/geronimo-annotation_1.0_spec/1.1.1/geronimo-annotation_1.0_spec-1.1.1.jar
8463d000-8463f000 r-xs 0000a000 08:01 3933824    /home/atiqul/.m2/repository/org/eclipse/jetty/jetty-annotations/7.1.5.v20100705/jetty-annotations-7.1.5.v20100705.jar
8463f000-84641000 r-xs 00000000 08:01 3933821    /home/atiqul/.m2/repository/org/eclipse/jetty/jetty-jsp-2.1/7.1.5.v20100705/jetty-jsp-2.1-7.1.5.v20100705.jar
84641000-84650000 r-xs 000ee000 08:01 3933767    /home/atiqul/.m2/repository/ant/ant/1.6.5/ant-1.6.5.jar
84650000-8465e000 r-xs 0018b000 08:01 3933762    /home/atiqul/.m2/repository/org/eclipse/jdt/core/compiler/ecj/3.5.1/ecj-3.5.1.jar
8465e000-84661000 ---p 00000000 00:00 0 
84661000-846af000 rwxp 00000000 00:00 0 
846af000-846b2000 ---p 00000000 00:00 0 
846b2000-84700000 rwxp 00000000 00:00 0 
84700000-847f5000 rwxp 00000000 00:00 0 
847f5000-84800000 ---p 00000000 00:00 0 
84800000-848fb000 rwxp 00000000 00:00 0 
848fb000-84900000 ---p 00000000 00:00 0 
84900000-849f0000 rwxp 00000000 00:00 0 
849f0000-84a00000 ---p 00000000 00:00 0 
84a00000-84a04000 r-xs 0001d000 08:01 3933781    /home/atiqul/.m2/repository/org/mortbay/jetty/jsp-api-2.1-glassfish/2.1.v20100127/jsp-api-2.1-glassfish-2.1.v20100127.jar
84a04000-84a15000 r-xs 000ea000 08:01 3933755    /home/atiqul/.m2/repository/org/mortbay/jetty/jsp-2.1-glassfish/2.1.v20100127/jsp-2.1-glassfish-2.1.v20100127.jar
84a15000-84a17000 r-xs 00007000 08:01 3933818    /home/atiqul/.m2/repository/org/eclipse/jetty/jetty-jmx/7.1.5.v20100705/jetty-jmx-7.1.5.v20100705.jar
84a17000-84a1e000 r-xs 00067000 08:01 3933763    /home/atiqul/.m2/repository/javax/mail/mail/1.4.1/mail-1.4.1.jar
84a1e000-84a20000 r-xs 00006000 08:01 3933815    /home/atiqul/.m2/repository/org/eclipse/jetty/jetty-jndi/7.1.5.v20100705/jetty-jndi-7.1.5.v20100705.jar
84a20000-84a21000 r-xs 00003000 08:01 3933759    /home/atiqul/.m2/repository/org/apache/geronimo/specs/geronimo-jta_1.1_spec/1.1.1/geronimo-jta_1.1_spec-1.1.1.jar
84a21000-84a24000 ---p 00000000 00:00 0 
84a24000-84a72000 rwxp 00000000 00:00 0 
84a72000-84a75000 ---p 00000000 00:00 0 
84a75000-84ac3000 rwxp 00000000 00:00 0 
84ac3000-84afe000 r-xs 002c7000 08:01 138388     /opt/apache-maven-2.2.1/lib/maven-2.2.1-uber.jar
84afe000-84aff000 ---p 00000000 00:00 0 
84aff000-84b7f000 rwxp 00000000 00:00 0 
84b7f000-84b82000 ---p 00000000 00:00 0 
84b82000-84c00000 rwxp 00000000 00:00 0 
84c00000-84cfd000 rwxp 00000000 00:00 0 
84cfd000-84d00000 ---p 00000000 00:00 0 
84d00000-84d01000 r-xs 00003000 08:01 3803844    /home/atiqul/.m2/repository/org/codehaus/plexus/plexus-compiler-javac/1.5.3/plexus-compiler-javac-1.5.3.jar
84d01000-84d03000 r-xs 00000000 08:01 3803841    /home/atiqul/.m2/repository/org/codehaus/plexus/plexus-compiler-manager/1.5.3/plexus-compiler-manager-1.5.3.jar
84d03000-84d04000 r-xs 00004000 08:01 3803838    /home/atiqul/.m2/repository/org/codehaus/plexus/plexus-compiler-api/1.5.3/plexus-compiler-api-1.5.3.jar
84d04000-84d06000 r-xs 00026000 08:01 3803835    /home/atiqul/.m2/repository/org/codehaus/plexus/plexus-utils/1.0.4/plexus-utils-1.0.4.jar
84d06000-84d08000 r-xs 0000b000 08:01 3802320    /home/atiqul/.m2/repository/org/codehaus/plexus/plexus-interpolation/1.6/plexus-interpolation-1.6.jar
84d08000-84d0a000 r-xs 00007000 08:01 3802315    /home/atiqul/.m2/repository/org/apache/maven/shared/maven-filtering/1.0-beta-2/maven-filtering-1.0-beta-2.jar
84d0a000-84d0f000 r-xs 00039000 08:01 3802314    /home/atiqul/.m2/repository/org/codehaus/plexus/plexus-utils/1.5.6/plexus-utils-1.5.6.jar
84d0f000-84d11000 r-xs 00004000 08:01 3801929    /home/atiqul/.m2/repository/org/apache/maven/plugins/maven-resources-plugin/2.3/maven-resources-plugin-2.3.jar
84d11000-84d14000 r-xs 00027000 08:01 3801811    /home/atiqul/.m2/repository/org/codehaus/plexus/plexus-utils/1.1/plexus-utils-1.1.jar
84d14000-84d19000 r-xs 0002c000 08:01 3801810    /home/atiqul/.m2/repository/commons-net/commons-net/2.0/commons-net-2.0.jar
84d19000-84d28000 r-xs 0011c000 08:01 3801695    /home/atiqul/.m2/repository/org/jvnet/hudson/svnkit/svnkit/1.1.4-hudson-4/svnkit-1.1.4-hudson-4.jar
84d28000-84d2b000 ---p 00000000 00:00 0 
84d2b000-84d79000 rwxp 00000000 00:00 0 
84d79000-84d7c000 ---p 00000000 00:00 0 
84d7c000-84dfa000 rwxp 00000000 00:00 0 
84dfa000-84dfd000 ---p 00000000 00:00 0 
84dfd000-84e4b000 rwxp 00000000 00:00 0 
84e4b000-84e4e000 ---p 00000000 00:00 0 
84e4e000-84e9c000 rwxp 00000000 00:00 0 
84e9c000-84e9f000 ---p 00000000 00:00 0 
84e9f000-84eed000 rwxp 00000000 00:00 0 
84eed000-84ef0000 ---p 00000000 00:00 0 
84ef0000-84f3e000 rwxp 00000000 00:00 0 
84f3e000-84f41000 ---p 00000000 00:00 0 
84f41000-84f8f000 rwxp 00000000 00:00 0 
84f8f000-84f90000 ---p 00000000 00:00 0 
84f90000-85043000 rwxp 00000000 00:00 0 
85043000-851d9000 r-xs 02fd0000 08:01 131276     /opt/jdk1.6.0_20/jre/lib/rt.jar
851d9000-851da000 ---p 00000000 00:00 0 
851da000-8525a000 rwxp 00000000 00:00 0 
8525a000-8525b000 ---p 00000000 00:00 0 
8525b000-852db000 rwxp 00000000 00:00 0 
852db000-852dc000 ---p 00000000 00:00 0 
852dc000-8535c000 rwxp 00000000 00:00 0 
8535c000-8535d000 ---p 00000000 00:00 0 
8535d000-853e7000 rwxp 00000000 00:00 0 
853e7000-853e8000 ---p 00000000 00:00 0 
853e8000-853fd000 rwxp 00000000 00:00 0 
853fd000-85436000 rwxp 00000000 00:00 0 
85436000-854de000 rwxp 00000000 00:00 0 
854de000-854e8000 rwxp 00000000 00:00 0 
854e8000-854e9000 ---p 00000000 00:00 0 
854e9000-854fe000 rwxp 00000000 00:00 0 
854fe000-85537000 rwxp 00000000 00:00 0 
85537000-855de000 rwxp 00000000 00:00 0 
855de000-8564b000 rwxp 00000000 00:00 0 
8564b000-8564f000 ---p 00000000 00:00 0 
8564f000-86a10000 rwxp 00000000 00:00 0 
86a10000-86ad0000 ---p 00000000 00:00 0 
86ad0000-89650000 rwxp 00000000 00:00 0 
89650000-907b0000 rwxp 00000000 00:00 0 
907b0000-a57b0000 rwxp 00000000 00:00 0 
a57b0000-b2f70000 rwxp 00000000 00:00 0 
b2f70000-b3850000 ---p 00000000 00:00 0 
b3850000-b3851000 r-xs 00003000 08:01 3801814    /home/atiqul/.m2/repository/org/apache/maven/wagon/wagon-ftp/1.0-beta-6/wagon-ftp-1.0-beta-6.jar
b3851000-b3855000 r-xs 0002b000 08:01 3801759    /home/atiqul/.m2/repository/org/codehaus/plexus/plexus-utils/1.4.1/plexus-utils-1.4.1.jar
b3855000-b3859000 r-xs 00038000 08:01 3801758    /home/atiqul/.m2/repository/ch/ethz/ganymed/ganymed-ssh2/build210/ganymed-ssh2-build210.jar
b3859000-b385a000 r-xs 00004000 08:01 3801755    /home/atiqul/.m2/repository/org/jvnet/wagon-svn/wagon-svn/1.9/wagon-svn-1.9.jar
b385a000-b385c000 r-xs 00030000 08:01 3803421    /home/atiqul/.m2/repository/org/apache/maven/plugins/maven-javadoc-plugin/2.6/maven-javadoc-plugin-2.6.jar
b385c000-b385d000 r-xs 00005000 08:01 3803413    /home/atiqul/.m2/repository/org/apache/maven/plugins/maven-source-plugin/2.1.2/maven-source-plugin-2.1.2.jar
b385d000-b385e000 r-xs 00004000 08:01 3803393    /home/atiqul/.m2/repository/org/apache/maven/plugins/maven-compiler-plugin/2.0.2/maven-compiler-plugin-2.0.2.jar
b385e000-b3867000 rwxp 00000000 00:00 0 
b3867000-b391e000 rwxp 00000000 00:00 0 
b391e000-b3b5e000 rwxp 00000000 00:00 0 
b3b5e000-b691e000 rwxp 00000000 00:00 0 
b691e000-b692d000 r-xp 00000000 08:01 131322     /opt/jdk1.6.0_20/jre/lib/i386/libzip.so
b692d000-b692f000 rwxp 0000e000 08:01 131322     /opt/jdk1.6.0_20/jre/lib/i386/libzip.so
b692f000-b6939000 r-xp 00000000 08:01 2366595    /lib/tls/i686/cmov/libnss_files-2.11.1.so
b6939000-b693a000 r-xp 00009000 08:01 2366595    /lib/tls/i686/cmov/libnss_files-2.11.1.so
b693a000-b693b000 rwxp 0000a000 08:01 2366595    /lib/tls/i686/cmov/libnss_files-2.11.1.so
b693b000-b6943000 r-xp 00000000 08:01 2366597    /lib/tls/i686/cmov/libnss_nis-2.11.1.so
b6943000-b6944000 r-xp 00007000 08:01 2366597    /lib/tls/i686/cmov/libnss_nis-2.11.1.so
b6944000-b6945000 rwxp 00008000 08:01 2366597    /lib/tls/i686/cmov/libnss_nis-2.11.1.so
b6945000-b694b000 r-xp 00000000 08:01 2366593    /lib/tls/i686/cmov/libnss_compat-2.11.1.so
b694b000-b694c000 r-xp 00006000 08:01 2366593    /lib/tls/i686/cmov/libnss_compat-2.11.1.so
b694c000-b694d000 rwxp 00007000 08:01 2366593    /lib/tls/i686/cmov/libnss_compat-2.11.1.so
b694d000-b694e000 r-xp 00000000 00:00 0 
b694e000-b6950000 r-xs 00008000 08:01 138375     /opt/apache-maven-2.2.1/boot/classworlds-1.1.jar
b6950000-b6951000 rwxp 00000000 00:00 0 
b6951000-b6954000 r-xp 00000000 08:01 131356     /opt/jdk1.6.0_20/jre/lib/i386/libdt_socket.so
b6954000-b6955000 rwxp 00003000 08:01 131356     /opt/jdk1.6.0_20/jre/lib/i386/libdt_socket.so
b6955000-b695d000 rwxs 00000000 08:01 394339     /tmp/hsperfdata_atiqul/4255
b695d000-b699c000 r-xp 00000000 08:01 2891404    /usr/lib/locale/en_US.utf8/LC_CTYPE
b699c000-b699d000 r-xp 00000000 08:01 2891409    /usr/lib/locale/en_US.utf8/LC_NUMERIC
b699d000-b699e000 r-xp 00000000 08:01 2894099    /usr/lib/locale/en_US.utf8/LC_TIME
b699e000-b6abc000 r-xp 00000000 08:01 2891403    /usr/lib/locale/en_US.utf8/LC_COLLATE
b6abc000-b6abd000 r-xp 00000000 08:01 2894100    /usr/lib/locale/en_US.utf8/LC_MONETARY
b6abd000-b6ac4000 r-xs 00000000 08:01 2905577    /usr/lib/gconv/gconv-modules.cache
b6ac4000-b6afe000 r-xp 00000000 08:01 131355     /opt/jdk1.6.0_20/jre/lib/i386/libjdwp.so
b6afe000-b6aff000 rwxp 00039000 08:01 131355     /opt/jdk1.6.0_20/jre/lib/i386/libjdwp.so
b6aff000-b6b12000 r-xp 00000000 08:01 2366592    /lib/tls/i686/cmov/libnsl-2.11.1.so
b6b12000-b6b13000 r-xp 00012000 08:01 2366592    /lib/tls/i686/cmov/libnsl-2.11.1.so
b6b13000-b6b14000 rwxp 00013000 08:01 2366592    /lib/tls/i686/cmov/libnsl-2.11.1.so
b6b14000-b6b16000 rwxp 00000000 00:00 0 
b6b16000-b6b17000 r-xp 00000000 08:01 2894101    /usr/lib/locale/en_US.utf8/LC_MESSAGES/SYS_LC_MESSAGES
b6b17000-b6b18000 r-xp 00000000 08:01 2891826    /usr/lib/locale/en_US.utf8/LC_PAPER
b6b18000-b6b19000 r-xp 00000000 08:01 2891408    /usr/lib/locale/en_US.utf8/LC_NAME
b6b19000-b6b1a000 r-xp 00000000 08:01 2894102    /usr/lib/locale/en_US.utf8/LC_ADDRESS
b6b1a000-b6b1b000 r-xp 00000000 08:01 2894103    /usr/lib/locale/en_US.utf8/LC_TELEPHONE
b6b1b000-b6b1e000 r-xp 00000000 08:01 131323     /opt/jdk1.6.0_20/jre/lib/i386/libnpt.so
b6b1e000-b6b1f000 rwxp 00002000 08:01 131323     /opt/jdk1.6.0_20/jre/lib/i386/libnpt.so
b6b1f000-b6b25000 r-xp 00000000 08:01 131304     /opt/jdk1.6.0_20/jre/lib/i386/native_threads/libhpi.so
b6b25000-b6b26000 rwxp 00006000 08:01 131304     /opt/jdk1.6.0_20/jre/lib/i386/native_threads/libhpi.so
b6b26000-b6b49000 r-xp 00000000 08:01 131318     /opt/jdk1.6.0_20/jre/lib/i386/libjava.so
b6b49000-b6b4b000 rwxp 00023000 08:01 131318     /opt/jdk1.6.0_20/jre/lib/i386/libjava.so
b6b4b000-b6b52000 r-xp 00000000 08:01 2366602    /lib/tls/i686/cmov/librt-2.11.1.so
b6b52000-b6b53000 r-xp 00006000 08:01 2366602    /lib/tls/i686/cmov/librt-2.11.1.so
b6b53000-b6b54000 rwxp 00007000 08:01 2366602    /lib/tls/i686/cmov/librt-2.11.1.so
b6b54000-b6b57000 ---p 00000000 00:00 0 
b6b57000-b6ba5000 rwxp 00000000 00:00 0 
b6ba5000-b6bc9000 r-xp 00000000 08:01 2366351    /lib/tls/i686/cmov/libm-2.11.1.so
b6bc9000-b6bca000 r-xp 00023000 08:01 2366351    /lib/tls/i686/cmov/libm-2.11.1.so
b6bca000-b6bcb000 rwxp 00024000 08:01 2366351    /lib/tls/i686/cmov/libm-2.11.1.so
b6bcb000-b72d7000 r-xp 00000000 08:01 131306     /opt/jdk1.6.0_20/jre/lib/i386/server/libjvm.so
b72d7000-b7328000 rwxp 0070b000 08:01 131306     /opt/jdk1.6.0_20/jre/lib/i386/server/libjvm.so
b7328000-b7747000 rwxp 00000000 00:00 0 
b7747000-b789a000 r-xp 00000000 08:01 2365948    /lib/tls/i686/cmov/libc-2.11.1.so
b789a000-b789b000 ---p 00153000 08:01 2365948    /lib/tls/i686/cmov/libc-2.11.1.so
b789b000-b789d000 r-xp 00153000 08:01 2365948    /lib/tls/i686/cmov/libc-2.11.1.so
b789d000-b789e000 rwxp 00155000 08:01 2365948    /lib/tls/i686/cmov/libc-2.11.1.so
b789e000-b78a1000 rwxp 00000000 00:00 0 
b78a1000-b78a3000 r-xp 00000000 08:01 2366185    /lib/tls/i686/cmov/libdl-2.11.1.so
b78a3000-b78a4000 r-xp 00001000 08:01 2366185    /lib/tls/i686/cmov/libdl-2.11.1.so
b78a4000-b78a5000 rwxp 00002000 08:01 2366185    /lib/tls/i686/cmov/libdl-2.11.1.so
b78a5000-b78ac000 r-xp 00000000 08:01 131320     /opt/jdk1.6.0_20/jre/lib/i386/jli/libjli.so
b78ac000-b78ae000 rwxp 00006000 08:01 131320     /opt/jdk1.6.0_20/jre/lib/i386/jli/libjli.so
b78ae000-b78af000 rwxp 00000000 00:00 0 
b78af000-b78c4000 r-xp 00000000 08:01 2366600    /lib/tls/i686/cmov/libpthread-2.11.1.so
b78c4000-b78c5000 r-xp 00014000 08:01 2366600    /lib/tls/i686/cmov/libpthread-2.11.1.so
b78c5000-b78c6000 rwxp 00015000 08:01 2366600    /lib/tls/i686/cmov/libpthread-2.11.1.so
b78c6000-b78c8000 rwxp 00000000 00:00 0 
b78c8000-b78c9000 r-xp 00000000 08:01 2891731    /usr/lib/locale/en_US.utf8/LC_MEASUREMENT
b78c9000-b78ca000 r-xp 00000000 08:01 2894104    /usr/lib/locale/en_US.utf8/LC_IDENTIFICATION
b78ca000-b78cb000 rwxp 00000000 00:00 0 
b78cb000-b78cc000 r-xp 00000000 00:00 0 
b78cc000-b78d7000 r-xp 00000000 08:01 131317     /opt/jdk1.6.0_20/jre/lib/i386/libverify.so
b78d7000-b78d8000 rwxp 0000b000 08:01 131317     /opt/jdk1.6.0_20/jre/lib/i386/libverify.so
b78d8000-b78da000 rwxp 00000000 00:00 0 
b78da000-b78db000 r-xp 00000000 00:00 0          [vdso]
b78db000-b78f6000 r-xp 00000000 08:01 2365909    /lib/ld-2.11.1.so
b78f6000-b78f7000 r-xp 0001a000 08:01 2365909    /lib/ld-2.11.1.so
b78f7000-b78f8000 rwxp 0001b000 08:01 2365909    /lib/ld-2.11.1.so
bf8c0000-bf8d5000 rwxp 00000000 00:00 0          [stack]

VM Arguments:
jvm_args: -Xdebug-Xnoagent -Djava.compiler=NONE -Xrunjdwp:transport=dt_socket,address=60000,server=y,suspend=n -Dclassworlds.conf=/opt/maven/bin/m2.conf -Dmaven.home=/opt/maven 
java_command: org.codehaus.classworlds.Launcher "jetty:run"
Launcher Type: SUN_STANDARD

Environment Variables:
JAVA_HOME=/opt/java6
PATH=/opt/java6/bin:/opt/ant/bin:/opt/maven/bin:/usr/local/sbin:/usr/local/bin:/usr/sbin:/usr/bin:/sbin:/bin:/usr/games
USERNAME=atiqul
LD_LIBRARY_PATH=/opt/jdk1.6.0_20/jre/lib/i386/server:/opt/jdk1.6.0_20/jre/lib/i386:/opt/jdk1.6.0_20/jre/../lib/i386
SHELL=/bin/bash
DISPLAY=:0.0

Signal Handlers:
SIGSEGV: [libjvm.so+0x68d5c0], sa_mask[0]=0x7ffbfeff, sa_flags=0x10000004
SIGBUS: [libjvm.so+0x68d5c0], sa_mask[0]=0x7ffbfeff, sa_flags=0x10000004
SIGFPE: [libjvm.so+0x55cb30], sa_mask[0]=0x7ffbfeff, sa_flags=0x10000004
SIGPIPE: [libjvm.so+0x55cb30], sa_mask[0]=0x7ffbfeff, sa_flags=0x10000004
SIGXFSZ: [libjvm.so+0x55cb30], sa_mask[0]=0x7ffbfeff, sa_flags=0x10000004
SIGILL: [libjvm.so+0x55cb30], sa_mask[0]=0x7ffbfeff, sa_flags=0x10000004
SIGUSR1: SIG_DFL, sa_mask[0]=0x00000000, sa_flags=0x00000000
SIGUSR2: [libjvm.so+0x55f770], sa_mask[0]=0x00000000, sa_flags=0x10000004
SIGHUP: [libjvm.so+0x55f4a0], sa_mask[0]=0x7ffbfeff, sa_flags=0x10000004
SIGINT: [libjvm.so+0x55f4a0], sa_mask[0]=0x7ffbfeff, sa_flags=0x10000004
SIGTERM: [libjvm.so+0x55f4a0], sa_mask[0]=0x7ffbfeff, sa_flags=0x10000004
SIGQUIT: [libjvm.so+0x55f4a0], sa_mask[0]=0x7ffbfeff, sa_flags=0x10000004


---------------  S Y S T E M  ---------------

OS:squeeze/sid

uname:Linux 2.6.32-24-generic #43-Ubuntu SMP Thu Sep 16 14:17:33 UTC 2010 i686
libc:glibc 2.11.1 NPTL 2.11.1 
rlimit: STACK 8192k, CORE 0k, NPROC infinity, NOFILE 1024, AS infinity
load average:1.78 1.72 1.52

CPU:total 4 (8 cores per cpu, 2 threads per core) family 6 model 37 stepping 2, cmov, cx8, fxsr, mmx, sse, sse2, sse3, ssse3, sse4.1, sse4.2, popcnt, ht

Memory: 4k page, physical 2753728k(90820k free), swap 7811064k(7808308k free)

vm_info: Java HotSpot(TM) Server VM (16.3-b01) for linux-x86 JRE (1.6.0_20-b02), built on Apr 12 2010 13:58:11 by "java_re" with gcc 3.2.1-7a (J2SE release)

time: Wed Sep 29 12:19:38 2010
elapsed time: 39 seconds

